<?xml version="1.0" encoding="UTF-8"?>
<!-- Generated by org.testng.reporters.JUnitXMLReporter -->
<testsuite ignored="0" hostname="LAPTOP-VVB5D4FQ" failures="0" tests="2" name="NegativeTests" time="39.942" errors="0" timestamp="2020-08-31T14:03:42 EEST">
  <testcase classname="com.herokuapp.theinternet.NegativeTests" name="incorrectPasswordTest" time="20.786"/>
  <testcase classname="com.herokuapp.theinternet.NegativeTests" name="incorrectUserNameTest" time="19.147"/>
</testsuite> <!-- NegativeTests -->
