<?xml version="1.0" encoding="UTF-8"?>
<testng-results ignored="0" total="1" passed="1" failed="0" skipped="0">
  <reporter-output>
  </reporter-output>
  <suite started-at="2020-09-13T23:22:18 EEST" name="Default suite" finished-at="2020-09-13T23:23:08 EEST" duration-ms="50353">
    <groups>
    </groups>
    <test started-at="2020-09-13T23:22:18 EEST" name="Default test" finished-at="2020-09-13T23:23:08 EEST" duration-ms="50353">
      <class name="Testinium.trendyol_login">
        <test-method signature="LoginTrendyol()[pri:0, instance:Testinium.trendyol_login@524d6d96]" started-at="2020-09-13T23:22:18 EEST" name="LoginTrendyol" finished-at="2020-09-13T23:23:08 EEST" duration-ms="50321" status="PASS">
          <reporter-output>
          </reporter-output>
        </test-method> <!-- LoginTrendyol -->
      </class> <!-- Testinium.trendyol_login -->
    </test> <!-- Default test -->
  </suite> <!-- Default suite -->
</testng-results>
