<?xml version="1.0" encoding="UTF-8"?>
<!-- Generated by org.testng.reporters.JUnitXMLReporter -->
<testsuite ignored="0" hostname="LAPTOP-VVB5D4FQ" failures="0" tests="2" name="NegativeTests" time="34.353" errors="0" timestamp="2020-08-31T14:19:23 EEST">
  <testcase classname="com.herokuapp.theinternet.NegativeTests" name="incorrectUserNameTest" time="17.472"/>
  <testcase classname="com.herokuapp.theinternet.NegativeTests" name="incorrectPasswordTest" time="16.819"/>
</testsuite> <!-- NegativeTests -->
